
> personal-website@0.1.0 build
> next build

(node:67442) [DEP0040] DeprecationWarning: The `punycode` module is deprecated. Please use a userland alternative instead.
(Use `node --trace-deprecation ...` to show where the warning was created)
warn  - Invalid next.config.js options detected: 
  - The value at .images.remotePatterns[0].port must be 1 character or more but it was 0 characters.

See more info here: https://nextjs.org/docs/messages/invalid-next-config
info  - Linting and checking validity of types...
info  - Creating an optimized production build...
Browserslist: caniuse-lite is outdated. Please run:
  npx browserslist@latest --update-db
  Why you should do it regularly: https://github.com/browserslist/browserslist#browsers-data-updating
Browserslist: caniuse-lite is outdated. Please run:
  npx update-browserslist-db@latest
  Why you should do it regularly: https://github.com/browserslist/update-db#readme
info  - Compiled successfully
info  - Collecting page data...
(node:67567) [DEP0040] DeprecationWarning: The `punycode` module is deprecated. Please use a userland alternative instead.
(Use `node --trace-deprecation ...` to show where the warning was created)
(node:67566) [DEP0040] DeprecationWarning: The `punycode` module is deprecated. Please use a userland alternative instead.
(Use `node --trace-deprecation ...` to show where the warning was created)
(node:67565) [DEP0040] DeprecationWarning: The `punycode` module is deprecated. Please use a userland alternative instead.
(Use `node --trace-deprecation ...` to show where the warning was created)
info  - Generating static pages (0/3)
(node:67570) [DEP0040] DeprecationWarning: The `punycode` module is deprecated. Please use a userland alternative instead.
(Use `node --trace-deprecation ...` to show where the warning was created)
(node:67569) [DEP0040] DeprecationWarning: The `punycode` module is deprecated. Please use a userland alternative instead.
(Use `node --trace-deprecation ...` to show where the warning was created)
(node:67568) [DEP0040] DeprecationWarning: The `punycode` module is deprecated. Please use a userland alternative instead.
(Use `node --trace-deprecation ...` to show where the warning was created)
info  - Generating static pages (3/3)
(node:67572) [DEP0040] DeprecationWarning: The `punycode` module is deprecated. Please use a userland alternative instead.
(Use `node --trace-deprecation ...` to show where the warning was created)
(node:67573) [DEP0040] DeprecationWarning: The `punycode` module is deprecated. Please use a userland alternative instead.
(Use `node --trace-deprecation ...` to show where the warning was created)
(node:67574) [DEP0040] DeprecationWarning: The `punycode` module is deprecated. Please use a userland alternative instead.
(Use `node --trace-deprecation ...` to show where the warning was created)
(node:67575) [DEP0040] DeprecationWarning: The `punycode` module is deprecated. Please use a userland alternative instead.
(Use `node --trace-deprecation ...` to show where the warning was created)
(node:67571) [DEP0040] DeprecationWarning: The `punycode` module is deprecated. Please use a userland alternative instead.
(Use `node --trace-deprecation ...` to show where the warning was created)
info  - Finalizing page optimization...

Route (pages)                              Size     First Load JS
┌ ○ /                                      59.6 kB         138 kB
├   /_app                                  0 B            78.2 kB
└ ○ /404                                   180 B          78.4 kB
+ First Load JS shared by all              82.4 kB
  ├ chunks/framework-7751730b10fa0f74.js   45.5 kB
  ├ chunks/main-e7a7892cb0edc024.js        30.9 kB
  ├ chunks/pages/_app-c90329475a49daf9.js  979 B
  ├ chunks/webpack-b8f8d6679aaa5f42.js     757 B
  └ css/9daa1541112fcec7.css               4.22 kB

○  (Static)  automatically rendered as static HTML (uses no initial props)

